C:\USERS\YAN\DESKTOP\SCOREMGR\SCOREMGR\DEBUG\MAIN.OBJ
C:\USERS\YAN\DESKTOP\SCOREMGR\SCOREMGR\DEBUG\PROC.OBJ
C:\USERS\YAN\DESKTOP\SCOREMGR\SCOREMGR\DEBUG\VC110.PDB
C:\USERS\YAN\DESKTOP\SCOREMGR\SCOREMGR\DEBUG\DATA.OBJ
C:\Users\Yan\Desktop\ScoreMgr\ScoreMgr\Debug\Data.obj
C:\Users\Yan\Desktop\ScoreMgr\ScoreMgr\Debug\Main.obj
C:\Users\Yan\Desktop\ScoreMgr\ScoreMgr\Debug\Proc.obj
C:\Users\Yan\Desktop\ScoreMgr\ScoreMgr\Debug\cl.command.1.tlog
C:\Users\Yan\Desktop\ScoreMgr\ScoreMgr\Debug\CL.read.1.tlog
C:\Users\Yan\Desktop\ScoreMgr\ScoreMgr\Debug\CL.write.1.tlog
C:\Users\Yan\Desktop\ScoreMgr\ScoreMgr\Debug\link-cvtres.read.1.tlog
C:\Users\Yan\Desktop\ScoreMgr\ScoreMgr\Debug\link-cvtres.write.1.tlog
C:\Users\Yan\Desktop\ScoreMgr\ScoreMgr\Debug\link-rc.read.1.tlog
C:\Users\Yan\Desktop\ScoreMgr\ScoreMgr\Debug\link-rc.write.1.tlog
C:\Users\Yan\Desktop\ScoreMgr\ScoreMgr\Debug\link.8048-cvtres.read.1.tlog
C:\Users\Yan\Desktop\ScoreMgr\ScoreMgr\Debug\link.8048-cvtres.write.1.tlog
C:\Users\Yan\Desktop\ScoreMgr\ScoreMgr\Debug\link.8048-rc.read.1.tlog
C:\Users\Yan\Desktop\ScoreMgr\ScoreMgr\Debug\link.8048-rc.write.1.tlog
C:\Users\Yan\Desktop\ScoreMgr\ScoreMgr\Debug\link.8048.read.1.tlog
C:\Users\Yan\Desktop\ScoreMgr\ScoreMgr\Debug\link.8048.write.1.tlog
C:\Users\Yan\Desktop\ScoreMgr\ScoreMgr\Debug\link.command.1.tlog
C:\Users\Yan\Desktop\ScoreMgr\ScoreMgr\Debug\link.read.1.tlog
C:\Users\Yan\Desktop\ScoreMgr\ScoreMgr\Debug\link.write.1.tlog
C:\Users\Yan\Desktop\ScoreMgr\ScoreMgr\Debug\vc110.idb
C:\Users\Yan\Desktop\ScoreMgr\ScoreMgr\Debug\vc110.pdb
C:\Users\Yan\Desktop\ScoreMgr\Debug\ScoreMgr.pdb
